libgcc_s_seh-1.dll
libstdc++-6.dll
libwinpthread-1.dll
iconv.dll
libatk-1.0-0.dll
libatkmm-1.6-1.dll
libbz2-1.dll
libcairo-2.dll
libcairo-gobject-2.dll
libcairomm-1.0-1.dll
libexpat-1.dll
libffi-6.dll
libfontconfig-1.dll
libfreetype-6.dll
libgdk-3-0.dll
libgdkmm-3.0-1.dll
libgdk_pixbuf-2.0-0.dll
libgio-2.0-0.dll
libgiomm-2.4-1.dll
libglib-2.0-0.dll
libglibmm-2.4-1.dll
libgmodule-2.0-0.dll
libgobject-2.0-0.dll
libgtk-3-0.dll
libgtkmm-3.0-1.dll
libintl-8.dll
libjpeg-62.dll
liblcms2-2.dll
libopenjpeg-1.dll
libpango-1.0-0.dll
libpangocairo-1.0-0.dll
libpangomm-1.4-1.dll
libpangowin32-1.0-0.dll
libpcre-1.dll
libpixman-1-0.dll
libpng16-16.dll
libpoppler-62.dll
libpoppler-glib-8.dll
libsigc-2.0-0.dll
libtiff-5.dll
libwinpthread-1.dll
zlib1.dll
libgdkmm-3.0-1.dll
libepoxy-0.dll
libgdk-3-0.dll
